#
# There is insufficient memory for the Java Runtime Environment to continue.
# Native memory allocation (malloc) failed to allocate 1048576 bytes for AllocateHeap
# Possible reasons:
#   The system is out of physical RAM or swap space
#   The process is running with CompressedOops enabled, and the Java Heap may be blocking the growth of the native heap
# Possible solutions:
#   Reduce memory load on the system
#   Increase physical memory or swap space
#   Check if swap backing store is full
#   Decrease Java heap size (-Xmx/-Xms)
#   Decrease number of Java threads
#   Decrease Java thread stack sizes (-Xss)
#   Set larger code cache with -XX:ReservedCodeCacheSize=
#   JVM is running with Unscaled Compressed Oops mode in which the Java heap is
#     placed in the first 4GB address space. The Java Heap base address is the
#     maximum limit for the native heap growth. Please use -XX:HeapBaseMinAddress
#     to set the Java Heap base and to place the Java Heap above 4GB virtual address.
# This output file may be truncated or incomplete.
#
#  Out of Memory Error (memory/allocation.inline.hpp:61), pid=9872, tid=0x000000000000389c
#
# JRE version:  (8.0_231-b11) (build )
# Java VM: Java HotSpot(TM) 64-Bit Server VM (25.231-b11 mixed mode windows-amd64 compressed oops)
# Failed to write core dump. Minidumps are not enabled by default on client versions of Windows
#

---------------  T H R E A D  ---------------

Current thread (0x0000000002cae800):  JavaThread "Unknown thread" [_thread_in_vm, id=14492, stack(0x0000000002ae0000,0x0000000002be0000)]

Stack: [0x0000000002ae0000,0x0000000002be0000]
[error occurred during error reporting (printing stack bounds), id 0xc0000005]

Native frames: (J=compiled Java code, j=interpreted, Vv=VM code, C=native code)


---------------  P R O C E S S  ---------------

Java Threads: ( => current thread )

Other Threads:

=>0x0000000002cae800 (exited) JavaThread "Unknown thread" [_thread_in_vm, id=14492, stack(0x0000000002ae0000,0x0000000002be0000)]

VM state:not at safepoint (normal execution)

VM Mutex/Monitor currently owned by a thread: None

heap address: 0x0000000081c00000, size: 2020 MB, Compressed Oops mode: 32-bit
Narrow klass base: 0x0000000000000000, Narrow klass shift: 3
Compressed class space size: 1073741824 Address: 0x0000000100000000

Heap:
 PSYoungGen      total 38400K, used 665K [0x00000000d5f00000, 0x00000000d8980000, 0x0000000100000000)
  eden space 33280K, 2% used [0x00000000d5f00000,0x00000000d5fa6670,0x00000000d7f80000)
  from space 5120K, 0% used [0x00000000d8480000,0x00000000d8480000,0x00000000d8980000)
  to   space 5120K, 0% used [0x00000000d7f80000,0x00000000d7f80000,0x00000000d8480000)
 ParOldGen       total 87552K, used 0K [0x0000000081c00000, 0x0000000087180000, 0x00000000d5f00000)
  object space 87552K, 0% used [0x0000000081c00000,0x0000000081c00000,0x0000000087180000)
 Metaspace       used 752K, capacity 4480K, committed 4480K, reserved 1056768K
  class space    used 76K, capacity 384K, committed 384K, reserved 1048576K

Card table byte_map: [0x0000000012170000,0x0000000012570000] byte_map_base: 0x0000000011d62000

Marking Bits: (ParMarkBitMap*) 0x0000000076066d90
 Begin Bits: [0x0000000012c20000, 0x0000000014bb0000)
 End Bits:   [0x0000000014bb0000, 0x0000000016b40000)

Polling page: 0x00000000012e0000

CodeCache: size=245760Kb used=328Kb max_used=328Kb free=245431Kb
 bounds [0x0000000002db0000, 0x0000000003020000, 0x0000000011db0000]
 total_blobs=58 nmethods=0 adapters=38
 compilation: enabled

Compilation events (0 events):
No events

GC Heap History (0 events):
No events

Deoptimization events (0 events):
No events

Classes redefined (0 events):
No events

Internal exceptions (0 events):
No events

Events (10 events):
Event: 0.031 loading class java/lang/Short
Event: 0.031 loading class java/lang/Short done
Event: 0.031 loading class java/lang/Integer
Event: 0.031 loading class java/lang/Integer done
Event: 0.031 loading class java/lang/Long
Event: 0.031 loading class java/lang/Long done
Event: 0.032 loading class java/lang/NullPointerException
Event: 0.032 loading class java/lang/NullPointerException done
Event: 0.032 loading class java/lang/ArithmeticException
Event: 0.032 loading class java/lang/ArithmeticException done


Dynamic libraries:
0x00007ff7a0a70000 - 0x00007ff7a0aa7000 	C:\Program Files\Java\jre1.8.0_231\bin\javaw.exe
0x00007ffd5b320000 - 0x00007ffd5b510000 	C:\WINDOWS\SYSTEM32\ntdll.dll
0x00007ffd5b1b0000 - 0x00007ffd5b262000 	C:\WINDOWS\System32\KERNEL32.DLL
0x00007ffd59070000 - 0x00007ffd59313000 	C:\WINDOWS\System32\KERNELBASE.dll
0x00007ffd59f90000 - 0x00007ffd5a033000 	C:\WINDOWS\System32\ADVAPI32.dll
0x00007ffd594a0000 - 0x00007ffd5953e000 	C:\WINDOWS\System32\msvcrt.dll
0x00007ffd5a8d0000 - 0x00007ffd5a967000 	C:\WINDOWS\System32\sechost.dll
0x00007ffd5ab90000 - 0x00007ffd5acb0000 	C:\WINDOWS\System32\RPCRT4.dll
0x00007ffd59900000 - 0x00007ffd59a94000 	C:\WINDOWS\System32\USER32.dll
0x00007ffd593a0000 - 0x00007ffd593c1000 	C:\WINDOWS\System32\win32u.dll
0x00007ffd59b00000 - 0x00007ffd59b26000 	C:\WINDOWS\System32\GDI32.dll
0x00007ffd58c80000 - 0x00007ffd58e14000 	C:\WINDOWS\System32\gdi32full.dll
0x00007ffd58be0000 - 0x00007ffd58c7e000 	C:\WINDOWS\System32\msvcp_win.dll
0x00007ffd58300000 - 0x00007ffd583fa000 	C:\WINDOWS\System32\ucrtbase.dll
0x00007ffd4bcb0000 - 0x00007ffd4bf35000 	C:\WINDOWS\WinSxS\amd64_microsoft.windows.common-controls_6595b64144ccf1df_6.0.18362.418_none_e6c6b287130d565d\COMCTL32.dll
0x00007ffd59b30000 - 0x00007ffd59e66000 	C:\WINDOWS\System32\combase.dll
0x00007ffd59320000 - 0x00007ffd593a0000 	C:\WINDOWS\System32\bcryptPrimitives.dll
0x00007ffd59f50000 - 0x00007ffd59f7e000 	C:\WINDOWS\System32\IMM32.DLL
0x00000000761e0000 - 0x00000000762b2000 	C:\Program Files\Java\jre1.8.0_231\bin\msvcr100.dll
0x0000000075840000 - 0x00000000760e6000 	C:\Program Files\Java\jre1.8.0_231\bin\server\jvm.dll
0x00007ffd5ad30000 - 0x00007ffd5ad38000 	C:\WINDOWS\System32\PSAPI.DLL
0x00007ffd51df0000 - 0x00007ffd51e14000 	C:\WINDOWS\SYSTEM32\WINMM.dll
0x00007ffd52b20000 - 0x00007ffd52b2a000 	C:\WINDOWS\SYSTEM32\VERSION.dll
0x00007ffd47640000 - 0x00007ffd47649000 	C:\WINDOWS\SYSTEM32\WSOCK32.dll
0x00007ffd51b70000 - 0x00007ffd51b9d000 	C:\WINDOWS\SYSTEM32\WINMMBASE.dll
0x00007ffd5b270000 - 0x00007ffd5b2df000 	C:\WINDOWS\System32\WS2_32.dll
0x00007ffd582b0000 - 0x00007ffd582fa000 	C:\WINDOWS\System32\cfgmgr32.dll
0x00007ffd51bc0000 - 0x00007ffd51bcf000 	C:\Program Files\Java\jre1.8.0_231\bin\verify.dll
0x00007ffd3f380000 - 0x00007ffd3f3a9000 	C:\Program Files\Java\jre1.8.0_231\bin\java.dll
0x00007ffd3f360000 - 0x00007ffd3f376000 	C:\Program Files\Java\jre1.8.0_231\bin\zip.dll

VM Arguments:
jvm_args: -Dfile.encoding=Cp1252 
java_command: test
java_class_path (initial): C:\Program Files\Java\jre1.8.0_231\lib\resources.jar;C:\Program Files\Java\jre1.8.0_231\lib\rt.jar;C:\Program Files\Java\jre1.8.0_231\lib\jsse.jar;C:\Program Files\Java\jre1.8.0_231\lib\jce.jar;C:\Program Files\Java\jre1.8.0_231\lib\charsets.jar;C:\Program Files\Java\jre1.8.0_231\lib\jfr.jar;C:\Program Files\Java\jre1.8.0_231\lib\ext\access-bridge-64.jar;C:\Program Files\Java\jre1.8.0_231\lib\ext\cldrdata.jar;C:\Program Files\Java\jre1.8.0_231\lib\ext\dnsns.jar;C:\Program Files\Java\jre1.8.0_231\lib\ext\jaccess.jar;C:\Program Files\Java\jre1.8.0_231\lib\ext\jfxrt.jar;C:\Program Files\Java\jre1.8.0_231\lib\ext\localedata.jar;C:\Program Files\Java\jre1.8.0_231\lib\ext\nashorn.jar;C:\Program Files\Java\jre1.8.0_231\lib\ext\sunec.jar;C:\Program Files\Java\jre1.8.0_231\lib\ext\sunjce_provider.jar;C:\Program Files\Java\jre1.8.0_231\lib\ext\sunmscapi.jar;C:\Program Files\Java\jre1.8.0_231\lib\ext\sunpkcs11.jar;C:\Program Files\Java\jre1.8.0_231\lib\ext\zipfs.jar;C:\Users\Colin\Documents\IUT laval\PTUT\pts3_workspace\pts3\bin
Launcher Type: SUN_STANDARD

Environment Variables:
PATH=C:/Program Files/Java/jre1.8.0_231/bin/server;C:/Program Files/Java/jre1.8.0_231/bin;C:/Program Files/Java/jre1.8.0_231/lib/amd64;C:\Program Files (x86)\Common Files\Oracle\Java\javapath;C:\Program Files (x86)\Intel\iCLS Client\;C:\Program Files\Intel\iCLS Client\;C:\windows\system32;C:\windows;C:\windows\System32\Wbem;C:\windows\System32\WindowsPowerShell\v1.0\;C:\Program Files (x86)\Intel\Intel(R) Management Engine Components\DAL;C:\Program Files\Intel\Intel(R) Management Engine Components\DAL;C:\Program Files (x86)\Intel\Intel(R) Management Engine Components\IPT;C:\Program Files\Intel\Intel(R) Management Engine Components\IPT;C:\Program Files (x86)\NVIDIA Corporation\PhysX\Common;C:\WINDOWS\system32;C:\WINDOWS;C:\WINDOWS\System32\Wbem;C:\WINDOWS\System32\WindowsPowerShell\v1.0\;C:\Program Files (x86)\;C:\WINDOWS\System32\OpenSSH\;C:\Program Files\Git\cmd;C:\Users\Colin\AppData\Local\Microsoft\WindowsApps;C:\Users\Colin\AppData\Local\atom\bin;%USERPROFILE%\AppData\Local\Microsoft\WindowsApps;;C:\Users\Colin\Desktop;
USERNAME=Colin
OS=Windows_NT
PROCESSOR_IDENTIFIER=Intel64 Family 6 Model 158 Stepping 9, GenuineIntel



---------------  S Y S T E M  ---------------

OS: Windows 10.0 , 64 bit Build 18362 (10.0.18362.329)

CPU:total 4 (initial active 4) (4 cores per cpu, 1 threads per core) family 6 model 158 stepping 9, cmov, cx8, fxsr, mmx, sse, sse2, sse3, ssse3, sse4.1, sse4.2, popcnt, avx, avx2, aes, clmul, erms, 3dnowpref, lzcnt, tsc, tscinvbit, bmi1, bmi2, adx

Memory: 4k page, physical 8270988k(1348272k free), swap 23738632k(6116k free)

vm_info: Java HotSpot(TM) 64-Bit Server VM (25.231-b11) for windows-amd64 JRE (1.8.0_231-b11), built on Oct  5 2019 03:11:30 by "java_re" with MS VC++ 10.0 (VS2010)

time: Tue Nov 12 18:24:56 2019
timezone: Paris, Madrid
elapsed time: 0 seconds (0d 0h 0m 0s)

